Using pre-set license
Built from '2021.3/staging' branch; Version is '2021.3.15f1 (e8e88683f834) revision 15263878'; Using compiler version '192829333'; Build Type 'Release'
OS: 'Windows 10  (10.0.19044) 64bit Professional' Language: 'en' Physical Memory: 5996 MB
BatchMode: 1, IsHumanControllingUs: 0, StartBugReporterOnCrash: 0, Is64bit: 1, IsPro: 1

COMMAND LINE ARGUMENTS:
D:\Unity\2021.3.15f1\Editor\Unity.exe
-adb2
-batchMode
-noUpm
-name
AssetImportWorker1
-projectPath
C:/Users/brani/Documents/GitHub/_HyperCasual_/HyperCasual
-logFile
Logs/AssetImportWorker1.log
-srvPort
54881
Successfully changed project path to: C:/Users/brani/Documents/GitHub/_HyperCasual_/HyperCasual
C:/Users/brani/Documents/GitHub/_HyperCasual_/HyperCasual
[UnityMemory] Configuration Parameters - Can be set up in boot.config
    "memorysetup-bucket-allocator-granularity=16"
    "memorysetup-bucket-allocator-bucket-count=8"
    "memorysetup-bucket-allocator-block-size=33554432"
    "memorysetup-bucket-allocator-block-count=8"
    "memorysetup-main-allocator-block-size=16777216"
    "memorysetup-thread-allocator-block-size=16777216"
    "memorysetup-gfx-main-allocator-block-size=16777216"
    "memorysetup-gfx-thread-allocator-block-size=16777216"
    "memorysetup-cache-allocator-block-size=4194304"
    "memorysetup-typetree-allocator-block-size=2097152"
    "memorysetup-profiler-bucket-allocator-granularity=16"
    "memorysetup-profiler-bucket-allocator-bucket-count=8"
    "memorysetup-profiler-bucket-allocator-block-size=33554432"
    "memorysetup-profiler-bucket-allocator-block-count=8"
    "memorysetup-profiler-allocator-block-size=16777216"
    "memorysetup-profiler-editor-allocator-block-size=1048576"
    "memorysetup-temp-allocator-size-main=16777216"
    "memorysetup-job-temp-allocator-block-size=2097152"
    "memorysetup-job-temp-allocator-block-size-background=1048576"
    "memorysetup-job-temp-allocator-reduction-small-platforms=262144"
    "memorysetup-temp-allocator-size-background-worker=32768"
    "memorysetup-temp-allocator-size-job-worker=262144"
    "memorysetup-temp-allocator-size-preload-manager=33554432"
    "memorysetup-temp-allocator-size-nav-mesh-worker=65536"
    "memorysetup-temp-allocator-size-audio-worker=65536"
    "memorysetup-temp-allocator-size-cloud-worker=32768"
    "memorysetup-temp-allocator-size-gi-baking-worker=262144"
    "memorysetup-temp-allocator-size-gfx=262144"
Player connection [1404] Host "[IP] 26.151.170.2 [Port] 0 [Flags] 2 [Guid] 875035003 [EditorId] 875035003 [Version] 1048832 [Id] WindowsEditor(7,DESKTOP-0M2PA4S) [Debug] 1 [PackageName] WindowsEditor [ProjectName] Editor" joined multi-casting on [225.0.0.222:54997]...

Player connection [1404] Host "[IP] 26.151.170.2 [Port] 0 [Flags] 2 [Guid] 875035003 [EditorId] 875035003 [Version] 1048832 [Id] WindowsEditor(7,DESKTOP-0M2PA4S) [Debug] 1 [PackageName] WindowsEditor [ProjectName] Editor" joined alternative multi-casting on [225.0.0.222:34997]...

Refreshing native plugins compatible for Editor in 109.46 ms, found 3 plugins.
Preloading 0 native plugins for Editor in 0.00 ms.
Initialize engine version: 2021.3.15f1 (e8e88683f834)
[Subsystems] Discovering subsystems at path D:/Unity/2021.3.15f1/Editor/Data/Resources/UnitySubsystems
[Subsystems] Discovering subsystems at path C:/Users/brani/Documents/GitHub/_HyperCasual_/HyperCasual/Assets
GfxDevice: creating device client; threaded=0; jobified=0
Direct3D:
    Version:  Direct3D 11.0 [level 11.1]
    Renderer: NVIDIA GeForce RTX 3050 Ti Laptop GPU (ID=0x25a0)
    Vendor:   NVIDIA
    VRAM:     3978 MB
    Driver:   31.0.15.2756
Initialize mono
Mono path[0] = 'D:/Unity/2021.3.15f1/Editor/Data/Managed'
Mono path[1] = 'D:/Unity/2021.3.15f1/Editor/Data/MonoBleedingEdge/lib/mono/unityjit-win32'
Mono config path = 'D:/Unity/2021.3.15f1/Editor/Data/MonoBleedingEdge/etc'
Using monoOptions --debugger-agent=transport=dt_socket,embedding=1,server=y,suspend=n,address=127.0.0.1:56028
Begin MonoManager ReloadAssembly
Registering precompiled unity dll's ...
Register platform support module: D:/Unity/2021.3.15f1/Editor/Data/PlaybackEngines/WindowsStandaloneSupport/UnityEditor.WindowsStandalone.Extensions.dll
Registered in 0.003580 seconds.
Native extension for WindowsStandalone target not found
Refreshing native plugins compatible for Editor in 111.58 ms, found 3 plugins.
Preloading 0 native plugins for Editor in 0.00 ms.
Mono: successfully reloaded assembly
- Completed reload, in  0.719 seconds
Domain Reload Profiling:
	ReloadAssembly (720ms)
		BeginReloadAssembly (105ms)
			ExecutionOrderSort (0ms)
			DisableScriptedObjects (0ms)
			BackupInstance (0ms)
			ReleaseScriptingObjects (0ms)
			CreateAndSetChildDomain (1ms)
		EndReloadAssembly (524ms)
			LoadAssemblies (104ms)
			RebuildTransferFunctionScriptingTraits (0ms)
			SetupTypeCache (141ms)
			ReleaseScriptCaches (0ms)
			RebuildScriptCaches (29ms)
			SetupLoadedEditorAssemblies (296ms)
				LogAssemblyErrors (0ms)
				InitializePlatformSupportModulesInManaged (7ms)
				SetLoadedEditorAssemblies (0ms)
				RefreshPlugins (112ms)
				BeforeProcessingInitializeOnLoad (2ms)
				ProcessInitializeOnLoadAttributes (134ms)
				ProcessInitializeOnLoadMethodAttributes (41ms)
				AfterProcessingInitializeOnLoad (0ms)
				EditorAssembliesLoaded (0ms)
			ExecutionOrderSort2 (0ms)
			AwakeInstancesAfterBackupRestoration (0ms)
Platform modules already initialized, skipping
Registering precompiled user dll's ...
Registered in 0.007070 seconds.
Begin MonoManager ReloadAssembly
Symbol file LoadedFromMemory doesn't match image C:\Users\brani\Documents\GitHub\_HyperCasual_\HyperCasual\Library\PackageCache\com.unity.visualscripting@1.7.8\Editor\VisualScripting.Core\Dependencies\YamlDotNet\Unity.VisualScripting.YamlDotNet.dll
Symbol file LoadedFromMemory doesn't match image C:\Users\brani\Documents\GitHub\_HyperCasual_\HyperCasual\Library\PackageCache\com.unity.visualscripting@1.7.8\Editor\VisualScripting.Core\Dependencies\DotNetZip\Unity.VisualScripting.IonicZip.dll
Native extension for WindowsStandalone target not found
Refreshing native plugins compatible for Editor in 116.75 ms, found 3 plugins.
Preloading 0 native plugins for Editor in 0.00 ms.
Mono: successfully reloaded assembly
- Completed reload, in  1.706 seconds
Domain Reload Profiling:
	ReloadAssembly (1707ms)
		BeginReloadAssembly (150ms)
			ExecutionOrderSort (0ms)
			DisableScriptedObjects (5ms)
			BackupInstance (0ms)
			ReleaseScriptingObjects (0ms)
			CreateAndSetChildDomain (25ms)
		EndReloadAssembly (1446ms)
			LoadAssemblies (204ms)
			RebuildTransferFunctionScriptingTraits (0ms)
			SetupTypeCache (397ms)
			ReleaseScriptCaches (3ms)
			RebuildScriptCaches (74ms)
			SetupLoadedEditorAssemblies (715ms)
				LogAssemblyErrors (0ms)
				InitializePlatformSupportModulesInManaged (3ms)
				SetLoadedEditorAssemblies (0ms)
				RefreshPlugins (117ms)
				BeforeProcessingInitializeOnLoad (102ms)
				ProcessInitializeOnLoadAttributes (395ms)
				ProcessInitializeOnLoadMethodAttributes (95ms)
				AfterProcessingInitializeOnLoad (3ms)
				EditorAssembliesLoaded (0ms)
			ExecutionOrderSort2 (0ms)
			AwakeInstancesAfterBackupRestoration (5ms)
Platform modules already initialized, skipping
========================================================================
Worker process is ready to serve import requests
Launched and connected shader compiler UnityShaderCompiler.exe after 0.05 seconds
Refreshing native plugins compatible for Editor in 5.42 ms, found 3 plugins.
Preloading 0 native plugins for Editor in 0.00 ms.
Unloading 5188 Unused Serialized files (Serialized files now loaded: 0)
Unloading 36 unused Assets / (0.7 MB). Loaded Objects now: 5643.
Memory consumption went from 206.7 MB to 205.9 MB.
Total: 8.923300 ms (FindLiveObjects: 0.636100 ms CreateObjectMapping: 0.516100 ms MarkObjects: 7.114100 ms  DeleteObjects: 0.655000 ms)

AssetImportParameters requested are different than current active one (requested -> active):
  custom:video-decoder-ogg-theora: a1e56fd34408186e4bbccfd4996cb3dc -> 
  custom:container-muxer-webm: aa71ff27fc2769a1b78a27578f13a17b -> 
  custom:container-demuxer-webm: 4f35f7cbe854078d1ac9338744f61a02 -> 
  custom:video-encoder-webm-vp8: eb34c28f22e8b96e1ab97ce403110664 -> 
  custom:audio-encoder-webm-vorbis: bf7c407c2cedff20999df2af8eb42d56 -> 
  custom:framework-win-MediaFoundation: 216162199b28c13a410421893ffa2e32 -> 
  custom:container-demuxer-ogg: 62fdf1f143b41e24485cea50d1cbac27 -> 
  custom:video-decoder-webm-vp8: 9c59270c3fd7afecdb556c50c9e8de78 -> 
  custom:audio-decoder-ogg-vorbis: bf7c407c2cedff20999df2af8eb42d56 -> 
========================================================================
Received Import Request.
  Time since last request: 134161.521197 seconds.
  path: Assets/Brana/modeli/prefabi/cela traka.prefab
  artifactKey: Guid(f61ec4b693b06684e890847f8a222ba1) Importer(815301076,1909f56bfc062723c751e8b465ee728b)
Start importing Assets/Brana/modeli/prefabi/cela traka.prefab using Guid(f61ec4b693b06684e890847f8a222ba1) Importer(815301076,1909f56bfc062723c751e8b465ee728b)  -> (artifact id: '447999b92ee8fb115fc59ade5c23a6fb') in 0.344555 seconds 
========================================================================
Received Import Request.
  Time since last request: 0.000137 seconds.
  path: Assets/Brana/modeli/prefabi/jedinica2.1.prefab
  artifactKey: Guid(f13c3b659cb42c6468271e29d56ee2d2) Importer(815301076,1909f56bfc062723c751e8b465ee728b)
Start importing Assets/Brana/modeli/prefabi/jedinica2.1.prefab using Guid(f13c3b659cb42c6468271e29d56ee2d2) Importer(815301076,1909f56bfc062723c751e8b465ee728b)  -> (artifact id: '259a25f0b65c56fab64ad9b6a05b0fa7') in 0.046154 seconds 
========================================================================
Received Import Request.
  Time since last request: 0.000076 seconds.
  path: Assets/Brana/modeli/prefabi/jedinica3.prefab
  artifactKey: Guid(b220c8264bcd8ae46b56101e67dd0c96) Importer(815301076,1909f56bfc062723c751e8b465ee728b)
Start importing Assets/Brana/modeli/prefabi/jedinica3.prefab using Guid(b220c8264bcd8ae46b56101e67dd0c96) Importer(815301076,1909f56bfc062723c751e8b465ee728b)  -> (artifact id: '1730aef18f51a03572f6e6dfb72ea9a5') in 0.038091 seconds 
========================================================================
Received Import Request.
  Time since last request: 0.000092 seconds.
  path: Assets/Brana/modeli/prefabi/enterijer.prefab
  artifactKey: Guid(97185e989fc8b94458a4abde37209cf5) Importer(815301076,1909f56bfc062723c751e8b465ee728b)
Start importing Assets/Brana/modeli/prefabi/enterijer.prefab using Guid(97185e989fc8b94458a4abde37209cf5) Importer(815301076,1909f56bfc062723c751e8b465ee728b)  -> (artifact id: '7c3a60eae951e503068eb8704401e041') in 0.049074 seconds 
========================================================================
Received Import Request.
  Time since last request: 0.000185 seconds.
  path: Assets/Brana/modeli/prefabi/zid fbx.prefab
  artifactKey: Guid(8469f82751efdce4e94a8903e9104523) Importer(815301076,1909f56bfc062723c751e8b465ee728b)
Start importing Assets/Brana/modeli/prefabi/zid fbx.prefab using Guid(8469f82751efdce4e94a8903e9104523) Importer(815301076,1909f56bfc062723c751e8b465ee728b)  -> (artifact id: 'b3e6e202b98373d4b670b6a1f082151d') in 0.028522 seconds 
========================================================================
Received Import Request.
  Time since last request: 3.385697 seconds.
  path: Assets/prefabi final/cela traka3.prefab
  artifactKey: Guid(3825447e2a43f69419e57199e5c88bd8) Importer(815301076,1909f56bfc062723c751e8b465ee728b)
Start importing Assets/prefabi final/cela traka3.prefab using Guid(3825447e2a43f69419e57199e5c88bd8) Importer(815301076,1909f56bfc062723c751e8b465ee728b)  -> (artifact id: '808d9e1b572d39c3a81a41d15b73a9b3') in 0.038234 seconds 
Editor requested this worker to shutdown with reason: Scaling down because of idle timeout
AssetImportWorker is now disconnected from the server
Process exiting
Exiting without the bug reporter. Application will terminate with return code 0