Using pre-set license
Built from '2021.3/staging' branch; Version is '2021.3.15f1 (e8e88683f834) revision 15263878'; Using compiler version '192829333'; Build Type 'Release'
OS: 'Windows 10  (10.0.19044) 64bit Core' Language: 'en' Physical Memory: 7541 MB
BatchMode: 1, IsHumanControllingUs: 0, StartBugReporterOnCrash: 0, Is64bit: 1, IsPro: 1

COMMAND LINE ARGUMENTS:
C:\Program Files\Unity\Hub\Editor\2021.3.15f1\Editor\Unity.exe
-adb2
-batchMode
-noUpm
-name
AssetImportWorker0
-projectPath
C:/Users/Windows10 Home/Documents/GitHub/HyperCasual/_HyperCasual_/HyperCasual
-logFile
Logs/AssetImportWorker0.log
-srvPort
57534
Successfully changed project path to: C:/Users/Windows10 Home/Documents/GitHub/HyperCasual/_HyperCasual_/HyperCasual
C:/Users/Windows10 Home/Documents/GitHub/HyperCasual/_HyperCasual_/HyperCasual
[UnityMemory] Configuration Parameters - Can be set up in boot.config
    "memorysetup-bucket-allocator-granularity=16"
    "memorysetup-bucket-allocator-bucket-count=8"
    "memorysetup-bucket-allocator-block-size=33554432"
    "memorysetup-bucket-allocator-block-count=8"
    "memorysetup-main-allocator-block-size=16777216"
    "memorysetup-thread-allocator-block-size=16777216"
    "memorysetup-gfx-main-allocator-block-size=16777216"
    "memorysetup-gfx-thread-allocator-block-size=16777216"
    "memorysetup-cache-allocator-block-size=4194304"
    "memorysetup-typetree-allocator-block-size=2097152"
    "memorysetup-profiler-bucket-allocator-granularity=16"
    "memorysetup-profiler-bucket-allocator-bucket-count=8"
    "memorysetup-profiler-bucket-allocator-block-size=33554432"
    "memorysetup-profiler-bucket-allocator-block-count=8"
    "memorysetup-profiler-allocator-block-size=16777216"
    "memorysetup-profiler-editor-allocator-block-size=1048576"
    "memorysetup-temp-allocator-size-main=16777216"
    "memorysetup-job-temp-allocator-block-size=2097152"
    "memorysetup-job-temp-allocator-block-size-background=1048576"
    "memorysetup-job-temp-allocator-reduction-small-platforms=262144"
    "memorysetup-temp-allocator-size-background-worker=32768"
    "memorysetup-temp-allocator-size-job-worker=262144"
    "memorysetup-temp-allocator-size-preload-manager=33554432"
    "memorysetup-temp-allocator-size-nav-mesh-worker=65536"
    "memorysetup-temp-allocator-size-audio-worker=65536"
    "memorysetup-temp-allocator-size-cloud-worker=32768"
    "memorysetup-temp-allocator-size-gi-baking-worker=262144"
    "memorysetup-temp-allocator-size-gfx=262144"
Player connection [20928] Host "[IP] 192.168.0.13 [Port] 0 [Flags] 2 [Guid] 3683945467 [EditorId] 3683945467 [Version] 1048832 [Id] WindowsEditor(7,DESKTOP-ABKH3ST) [Debug] 1 [PackageName] WindowsEditor [ProjectName] Editor" joined multi-casting on [225.0.0.222:54997]...

Player connection [20928] Host "[IP] 192.168.0.13 [Port] 0 [Flags] 2 [Guid] 3683945467 [EditorId] 3683945467 [Version] 1048832 [Id] WindowsEditor(7,DESKTOP-ABKH3ST) [Debug] 1 [PackageName] WindowsEditor [ProjectName] Editor" joined alternative multi-casting on [225.0.0.222:34997]...

Refreshing native plugins compatible for Editor in 134.31 ms, found 3 plugins.
Preloading 0 native plugins for Editor in 0.00 ms.
Initialize engine version: 2021.3.15f1 (e8e88683f834)
[Subsystems] Discovering subsystems at path C:/Program Files/Unity/Hub/Editor/2021.3.15f1/Editor/Data/Resources/UnitySubsystems
[Subsystems] Discovering subsystems at path C:/Users/Windows10 Home/Documents/GitHub/HyperCasual/_HyperCasual_/HyperCasual/Assets
GfxDevice: creating device client; threaded=0; jobified=0
Direct3D:
    Version:  Direct3D 11.0 [level 11.1]
    Renderer: NVIDIA GeForce GTX 1650 (ID=0x1f99)
    Vendor:   NVIDIA
    VRAM:     3962 MB
    Driver:   30.0.15.1278
Initialize mono
Mono path[0] = 'C:/Program Files/Unity/Hub/Editor/2021.3.15f1/Editor/Data/Managed'
Mono path[1] = 'C:/Program Files/Unity/Hub/Editor/2021.3.15f1/Editor/Data/MonoBleedingEdge/lib/mono/unityjit-win32'
Mono config path = 'C:/Program Files/Unity/Hub/Editor/2021.3.15f1/Editor/Data/MonoBleedingEdge/etc'
Using monoOptions --debugger-agent=transport=dt_socket,embedding=1,server=y,suspend=n,address=127.0.0.1:56584
Begin MonoManager ReloadAssembly
Registering precompiled unity dll's ...
Register platform support module: C:/Program Files/Unity/Hub/Editor/2021.3.15f1/Editor/Data/PlaybackEngines/WebGLSupport/UnityEditor.WebGL.Extensions.dll
Register platform support module: C:/Program Files/Unity/Hub/Editor/2021.3.15f1/Editor/Data/PlaybackEngines/AndroidPlayer/UnityEditor.Android.Extensions.dll
Register platform support module: C:/Program Files/Unity/Hub/Editor/2021.3.15f1/Editor/Data/PlaybackEngines/WindowsStandaloneSupport/UnityEditor.WindowsStandalone.Extensions.dll
Registered in 0.010421 seconds.
Native extension for WindowsStandalone target not found
Native extension for Android target not found
Native extension for WebGL target not found
Refreshing native plugins compatible for Editor in 130.17 ms, found 3 plugins.
Preloading 0 native plugins for Editor in 0.00 ms.
Mono: successfully reloaded assembly
- Completed reload, in  0.734 seconds
Domain Reload Profiling:
	ReloadAssembly (734ms)
		BeginReloadAssembly (80ms)
			ExecutionOrderSort (0ms)
			DisableScriptedObjects (0ms)
			BackupInstance (0ms)
			ReleaseScriptingObjects (0ms)
			CreateAndSetChildDomain (1ms)
		EndReloadAssembly (533ms)
			LoadAssemblies (78ms)
			RebuildTransferFunctionScriptingTraits (0ms)
			SetupTypeCache (113ms)
			ReleaseScriptCaches (0ms)
			RebuildScriptCaches (31ms)
			SetupLoadedEditorAssemblies (336ms)
				LogAssemblyErrors (0ms)
				InitializePlatformSupportModulesInManaged (63ms)
				SetLoadedEditorAssemblies (0ms)
				RefreshPlugins (130ms)
				BeforeProcessingInitializeOnLoad (1ms)
				ProcessInitializeOnLoadAttributes (98ms)
				ProcessInitializeOnLoadMethodAttributes (43ms)
				AfterProcessingInitializeOnLoad (0ms)
				EditorAssembliesLoaded (0ms)
			ExecutionOrderSort2 (0ms)
			AwakeInstancesAfterBackupRestoration (0ms)
Platform modules already initialized, skipping
Registering precompiled user dll's ...
Registered in 0.010155 seconds.
Begin MonoManager ReloadAssembly
Symbol file LoadedFromMemory doesn't match image C:\Users\Windows10 Home\Documents\GitHub\HyperCasual\_HyperCasual_\HyperCasual\Library\PackageCache\com.unity.visualscripting@1.7.8\Editor\VisualScripting.Core\Dependencies\YamlDotNet\Unity.VisualScripting.YamlDotNet.dll
Symbol file LoadedFromMemory doesn't match image C:\Users\Windows10 Home\Documents\GitHub\HyperCasual\_HyperCasual_\HyperCasual\Library\PackageCache\com.unity.visualscripting@1.7.8\Editor\VisualScripting.Core\Dependencies\DotNetZip\Unity.VisualScripting.IonicZip.dll
Native extension for WindowsStandalone target not found
Native extension for Android target not found
Native extension for WebGL target not found
Refreshing native plugins compatible for Editor in 134.13 ms, found 3 plugins.
Preloading 0 native plugins for Editor in 0.00 ms.
Mono: successfully reloaded assembly
- Completed reload, in  1.595 seconds
Domain Reload Profiling:
	ReloadAssembly (1597ms)
		BeginReloadAssembly (224ms)
			ExecutionOrderSort (0ms)
			DisableScriptedObjects (5ms)
			BackupInstance (0ms)
			ReleaseScriptingObjects (0ms)
			CreateAndSetChildDomain (126ms)
		EndReloadAssembly (1244ms)
			LoadAssemblies (106ms)
			RebuildTransferFunctionScriptingTraits (0ms)
			SetupTypeCache (333ms)
			ReleaseScriptCaches (1ms)
			RebuildScriptCaches (63ms)
			SetupLoadedEditorAssemblies (692ms)
				LogAssemblyErrors (0ms)
				InitializePlatformSupportModulesInManaged (16ms)
				SetLoadedEditorAssemblies (0ms)
				RefreshPlugins (134ms)
				BeforeProcessingInitializeOnLoad (131ms)
				ProcessInitializeOnLoadAttributes (318ms)
				ProcessInitializeOnLoadMethodAttributes (82ms)
				AfterProcessingInitializeOnLoad (9ms)
				EditorAssembliesLoaded (0ms)
			ExecutionOrderSort2 (0ms)
			AwakeInstancesAfterBackupRestoration (5ms)
Platform modules already initialized, skipping
========================================================================
Worker process is ready to serve import requests
Launched and connected shader compiler UnityShaderCompiler.exe after 0.05 seconds
Refreshing native plugins compatible for Editor in 1.33 ms, found 3 plugins.
Preloading 0 native plugins for Editor in 0.00 ms.
Unloading 5186 Unused Serialized files (Serialized files now loaded: 0)
Unloading 38 unused Assets / (0.8 MB). Loaded Objects now: 5637.
Memory consumption went from 206.1 MB to 205.3 MB.
Total: 5.120300 ms (FindLiveObjects: 0.550700 ms CreateObjectMapping: 0.339100 ms MarkObjects: 3.838800 ms  DeleteObjects: 0.390600 ms)

AssetImportParameters requested are different than current active one (requested -> active):
  custom:video-decoder-ogg-theora: a1e56fd34408186e4bbccfd4996cb3dc -> 
  custom:container-muxer-webm: aa71ff27fc2769a1b78a27578f13a17b -> 
  custom:container-demuxer-webm: 4f35f7cbe854078d1ac9338744f61a02 -> 
  custom:video-encoder-webm-vp8: eb34c28f22e8b96e1ab97ce403110664 -> 
  custom:audio-encoder-webm-vorbis: bf7c407c2cedff20999df2af8eb42d56 -> 
  custom:framework-win-MediaFoundation: 216162199b28c13a410421893ffa2e32 -> 
  custom:container-demuxer-ogg: 62fdf1f143b41e24485cea50d1cbac27 -> 
  custom:video-decoder-webm-vp8: 9c59270c3fd7afecdb556c50c9e8de78 -> 
  custom:audio-decoder-ogg-vorbis: bf7c407c2cedff20999df2af8eb42d56 -> 
========================================================================
Received Import Request.
  Time since last request: 104861.616636 seconds.
  path: Assets/prefabi final/partikli
  artifactKey: Guid(e2c178347e8b5dd49bf76e062fd4a121) Importer(815301076,1909f56bfc062723c751e8b465ee728b)
Start importing Assets/prefabi final/partikli using Guid(e2c178347e8b5dd49bf76e062fd4a121) Importer(815301076,1909f56bfc062723c751e8b465ee728b)  -> (artifact id: '7b488f126261dd4f60e49f03c6dbbf0a') in 0.020255 seconds 
========================================================================
Received Import Request.
  Time since last request: 7.008598 seconds.
  path: Assets/prefabi final/partikli/end partiklovi
  artifactKey: Guid(54d0554b085975346aadc889da52b19d) Importer(815301076,1909f56bfc062723c751e8b465ee728b)
Start importing Assets/prefabi final/partikli/end partiklovi using Guid(54d0554b085975346aadc889da52b19d) Importer(815301076,1909f56bfc062723c751e8b465ee728b)  -> (artifact id: 'd22c302775a02941d1de613c42ecc233') in 0.007736 seconds 
========================================================================
Received Import Request.
  Time since last request: 0.064160 seconds.
  path: Assets/prefabi final/partikli/end partiklovi/end crvena.prefab
  artifactKey: Guid(b530f4f8ed498d54a9052d6f4f63bfdd) Importer(815301076,1909f56bfc062723c751e8b465ee728b)
Start importing Assets/prefabi final/partikli/end partiklovi/end crvena.prefab using Guid(b530f4f8ed498d54a9052d6f4f63bfdd) Importer(815301076,1909f56bfc062723c751e8b465ee728b)  -> (artifact id: '9a61a77654bf2e5e0fc52abedb36f762') in 0.341677 seconds 
========================================================================
Received Import Request.
  Time since last request: 0.000052 seconds.
  path: Assets/prefabi final/partikli/end partiklovi/end plava.prefab
  artifactKey: Guid(2a12f3d9e64651c41bcb2616f300ae4c) Importer(815301076,1909f56bfc062723c751e8b465ee728b)
Start importing Assets/prefabi final/partikli/end partiklovi/end plava.prefab using Guid(2a12f3d9e64651c41bcb2616f300ae4c) Importer(815301076,1909f56bfc062723c751e8b465ee728b)  -> (artifact id: '275d1db94cde5d6932e50868b28edc8e') in 0.114173 seconds 
========================================================================
Received Import Request.
  Time since last request: 6.950316 seconds.
  path: Assets/prefabi final/Mafin 5/crv.korpica sa filom i visnjom.prefab
  artifactKey: Guid(3bb2e590ba9a5144297210928253790f) Importer(815301076,1909f56bfc062723c751e8b465ee728b)
Start importing Assets/prefabi final/Mafin 5/crv.korpica sa filom i visnjom.prefab using Guid(3bb2e590ba9a5144297210928253790f) Importer(815301076,1909f56bfc062723c751e8b465ee728b)  -> (artifact id: 'b02db72262a84d9820dc5fdb2c027e26') in 0.041534 seconds 
========================================================================
Received Import Request.
  Time since last request: 0.000037 seconds.
  path: Assets/prefabi final/Mafin 5/crvena.korpica sa filom.prefab
  artifactKey: Guid(7a02fcc8842a69a4aae966f4c874df77) Importer(815301076,1909f56bfc062723c751e8b465ee728b)
Start importing Assets/prefabi final/Mafin 5/crvena.korpica sa filom.prefab using Guid(7a02fcc8842a69a4aae966f4c874df77) Importer(815301076,1909f56bfc062723c751e8b465ee728b)  -> (artifact id: 'cf8a70c1b10b0b24a633653f1b48e1c6') in 0.027042 seconds 
========================================================================
Received Import Request.
  Time since last request: 0.303968 seconds.
  path: Assets/prefabi final/Mafin 4/zuta.korpica ispecena.prefab
  artifactKey: Guid(8953a255b48d9f64daee35d90dec40b1) Importer(815301076,1909f56bfc062723c751e8b465ee728b)
Start importing Assets/prefabi final/Mafin 4/zuta.korpica ispecena.prefab using Guid(8953a255b48d9f64daee35d90dec40b1) Importer(815301076,1909f56bfc062723c751e8b465ee728b)  -> (artifact id: '84f74a09880be53e4ef47ed34d87467c') in 0.019399 seconds 
========================================================================
Received Import Request.
  Time since last request: 0.000036 seconds.
  path: Assets/prefabi final/Mafin 4/zuta.korpica sa testom.prefab
  artifactKey: Guid(7104aa05e9f0892418c92c87b23bda1f) Importer(815301076,1909f56bfc062723c751e8b465ee728b)
Start importing Assets/prefabi final/Mafin 4/zuta.korpica sa testom.prefab using Guid(7104aa05e9f0892418c92c87b23bda1f) Importer(815301076,1909f56bfc062723c751e8b465ee728b)  -> (artifact id: '12b825e9af819d6884562da4f1156e10') in 0.020739 seconds 
========================================================================
Received Import Request.
  Time since last request: 0.269680 seconds.
  path: Assets/prefabi final/Mafin 3/lila.korpica ispecena.prefab
  artifactKey: Guid(48825fce73299064a9e63e3a6ade636f) Importer(815301076,1909f56bfc062723c751e8b465ee728b)
Start importing Assets/prefabi final/Mafin 3/lila.korpica ispecena.prefab using Guid(48825fce73299064a9e63e3a6ade636f) Importer(815301076,1909f56bfc062723c751e8b465ee728b)  -> (artifact id: '0b5aabe81e9d8497343b93f9f83f69db') in 0.020942 seconds 
========================================================================
Received Import Request.
  Time since last request: 0.000026 seconds.
  path: Assets/prefabi final/Mafin 3/lila.korpica sa filom.prefab
  artifactKey: Guid(49b11acb41857604eb224da22b4903eb) Importer(815301076,1909f56bfc062723c751e8b465ee728b)
Start importing Assets/prefabi final/Mafin 3/lila.korpica sa filom.prefab using Guid(49b11acb41857604eb224da22b4903eb) Importer(815301076,1909f56bfc062723c751e8b465ee728b)  -> (artifact id: '368aac29be223c575a0534403602be2c') in 0.021424 seconds 
========================================================================
Received Import Request.
  Time since last request: 0.351183 seconds.
  path: Assets/prefabi final/Mafin 2/plava K.prefab
  artifactKey: Guid(25dedf209e483204eb37032bd3752bf9) Importer(815301076,1909f56bfc062723c751e8b465ee728b)
Start importing Assets/prefabi final/Mafin 2/plava K.prefab using Guid(25dedf209e483204eb37032bd3752bf9) Importer(815301076,1909f56bfc062723c751e8b465ee728b)  -> (artifact id: '06ac954be52b1dcb0af1c0e73d602442') in 0.018782 seconds 
========================================================================
Received Import Request.
  Time since last request: 0.000035 seconds.
  path: Assets/prefabi final/Mafin 2/plava.korpica sa filom.prefab
  artifactKey: Guid(1b84d1299f0c87a4ca11c630e8fe3bcf) Importer(815301076,1909f56bfc062723c751e8b465ee728b)
Start importing Assets/prefabi final/Mafin 2/plava.korpica sa filom.prefab using Guid(1b84d1299f0c87a4ca11c630e8fe3bcf) Importer(815301076,1909f56bfc062723c751e8b465ee728b)  -> (artifact id: 'd98a112d6c844e4aa9f46d1157232fcb') in 0.026753 seconds 
========================================================================
Received Import Request.
  Time since last request: 0.405535 seconds.
  path: Assets/prefabi final/Mafin 1/zel.korpica sa filom i visnjom.prefab
  artifactKey: Guid(4f0a16102a0e6e248b275f122b305f34) Importer(815301076,1909f56bfc062723c751e8b465ee728b)
Start importing Assets/prefabi final/Mafin 1/zel.korpica sa filom i visnjom.prefab using Guid(4f0a16102a0e6e248b275f122b305f34) Importer(815301076,1909f56bfc062723c751e8b465ee728b)  -> (artifact id: '5e010e1da6526585b43517d57fb79b0e') in 0.021653 seconds 
Editor requested this worker to shutdown with reason: Scaling down because of idle timeout
AssetImportWorker is now disconnected from the server
Process exiting
Exiting without the bug reporter. Application will terminate with return code 0